***
*** Starting ...
***
*** Allocating memory of following size=10485760
*** Using pageable memory
***DeviveToDevice MemCpy:
Starting Kernel to copy: 
Kernel finished copying 
*** Freeing pageable memory
No errors occured 
Results for cudaMemcpy:
Size:   10485760B, H2D:   9.39 GB/s, D2H:   2.60 GB/s, D2D: 383.11 GB/s
Coalesced copy of global memory, size=  10485760, gDim=    1, bDim=  128, bw=  1.92GB/s
*** Allocating memory of following size=10485760
*** Using pageable memory
***DeviveToDevice MemCpy:
Starting Kernel to copy: 
Kernel finished copying 
*** Freeing pageable memory
No errors occured 
Results for cudaMemcpy:
Size:   10485760B, H2D:  10.98 GB/s, D2H:   1.79 GB/s, D2D: 519.87 GB/s
Coalesced copy of global memory, size=  10485760, gDim=    2, bDim=  128, bw=  3.85GB/s
*** Allocating memory of following size=10485760
*** Using pageable memory
***DeviveToDevice MemCpy:
Starting Kernel to copy: 
Kernel finished copying 
*** Freeing pageable memory
No errors occured 
Results for cudaMemcpy:
Size:   10485760B, H2D:  10.21 GB/s, D2H:   1.76 GB/s, D2D: 623.04 GB/s
Coalesced copy of global memory, size=  10485760, gDim=    4, bDim=  128, bw=  7.64GB/s
*** Allocating memory of following size=10485760
*** Using pageable memory
***DeviveToDevice MemCpy:
Starting Kernel to copy: 
Kernel finished copying 
*** Freeing pageable memory
No errors occured 
Results for cudaMemcpy:
Size:   10485760B, H2D:  12.68 GB/s, D2H:  10.36 GB/s, D2D: 604.37 GB/s
Coalesced copy of global memory, size=  10485760, gDim=    8, bDim=  128, bw= 15.09GB/s
*** Allocating memory of following size=10485760
*** Using pageable memory
***DeviveToDevice MemCpy:
Starting Kernel to copy: 
Kernel finished copying 
*** Freeing pageable memory
No errors occured 
Results for cudaMemcpy:
Size:   10485760B, H2D:   6.39 GB/s, D2H:   6.59 GB/s, D2D: 638.95 GB/s
Coalesced copy of global memory, size=  10485760, gDim=   16, bDim=  128, bw= 29.04GB/s
*** Allocating memory of following size=10485760
*** Using pageable memory
***DeviveToDevice MemCpy:
Starting Kernel to copy: 
Kernel finished copying 
*** Freeing pageable memory
No errors occured 
Results for cudaMemcpy:
Size:   10485760B, H2D:   7.88 GB/s, D2H:  10.43 GB/s, D2D: 565.27 GB/s
Coalesced copy of global memory, size=  10485760, gDim=   32, bDim=  128, bw= 54.30GB/s
*** Allocating memory of following size=10485760
*** Using pageable memory
***DeviveToDevice MemCpy:
Starting Kernel to copy: 
Kernel finished copying 
*** Freeing pageable memory
No errors occured 
Results for cudaMemcpy:
Size:   10485760B, H2D:  11.50 GB/s, D2H:   1.62 GB/s, D2D: 920.61 GB/s
Coalesced copy of global memory, size=  10485760, gDim=   64, bDim=  128, bw= 96.28GB/s
*** Allocating memory of following size=10485760
*** Using pageable memory
***DeviveToDevice MemCpy:
Starting Kernel to copy: 
Kernel finished copying 
*** Freeing pageable memory
No errors occured 
Results for cudaMemcpy:
Size:   10485760B, H2D:  11.25 GB/s, D2H:   2.14 GB/s, D2D: 734.81 GB/s
Coalesced copy of global memory, size=  10485760, gDim=  128, bDim=  128, bw=163.01GB/s
*** Allocating memory of following size=10485760
*** Using pageable memory
***DeviveToDevice MemCpy:
Starting Kernel to copy: 
Kernel finished copying 
*** Freeing pageable memory
No errors occured 
Results for cudaMemcpy:
Size:   10485760B, H2D:  11.11 GB/s, D2H:   2.13 GB/s, D2D: 740.00 GB/s
Coalesced copy of global memory, size=  10485760, gDim=  256, bDim=  128, bw=233.77GB/s
*** Allocating memory of following size=10485760
*** Using pageable memory
***DeviveToDevice MemCpy:
Starting Kernel to copy: 
Kernel finished copying 
*** Freeing pageable memory
No errors occured 
Results for cudaMemcpy:
Size:   10485760B, H2D:  11.36 GB/s, D2H:   1.79 GB/s, D2D: 808.46 GB/s
Coalesced copy of global memory, size=  10485760, gDim=  512, bDim=  128, bw=249.43GB/s
*** Allocating memory of following size=10485760
*** Using pageable memory
***DeviveToDevice MemCpy:
Starting Kernel to copy: 
Kernel finished copying 
*** Freeing pageable memory
No errors occured 
Results for cudaMemcpy:
Size:   10485760B, H2D:   9.58 GB/s, D2H:  10.40 GB/s, D2D: 595.11 GB/s
Coalesced copy of global memory, size=  10485760, gDim= 1024, bDim=  128, bw=249.59GB/s
