***
*** Starting ...
***
*** Allocating memory of following size=1024
*** Using pageable memory
***DeviveToDevice MemCpy:
Starting Kernel to copy: 
Kernel finished copying 
*** Freeing pageable memory
No errors occured 
Results for cudaMemcpy:
Size:       1024B, H2D:   0.05 GB/s, D2H:   0.06 GB/s, D2D:   0.07 GB/s
Coalesced copy of global memory, size=      1024, gDim=    1, bDim=  128, bw=  0.26GB/s
*** Allocating memory of following size=1024
*** Using pageable memory
***DeviveToDevice MemCpy:
Starting Kernel to copy: 
Kernel finished copying 
*** Freeing pageable memory
No errors occured 
Results for cudaMemcpy:
Size:       1024B, H2D:   0.13 GB/s, D2H:   0.08 GB/s, D2D:   0.12 GB/s
Coalesced copy of global memory, size=      1024, gDim=    1, bDim=  128, bw=  0.24GB/s
*** Allocating memory of following size=1024
*** Using pageable memory
***DeviveToDevice MemCpy:
Starting Kernel to copy: 
Kernel finished copying 
*** Freeing pageable memory
No errors occured 
Results for cudaMemcpy:
Size:       1024B, H2D:   0.18 GB/s, D2H:   0.08 GB/s, D2D:   0.15 GB/s
Coalesced copy of global memory, size=      1024, gDim=    1, bDim=  128, bw=  0.24GB/s
*** Allocating memory of following size=1024
*** Using pageable memory
***DeviveToDevice MemCpy:
Starting Kernel to copy: 
Kernel finished copying 
*** Freeing pageable memory
No errors occured 
Results for cudaMemcpy:
Size:       1024B, H2D:   0.27 GB/s, D2H:   0.10 GB/s, D2D:   0.22 GB/s
Coalesced copy of global memory, size=      1024, gDim=    1, bDim=  128, bw=  0.30GB/s
*** Allocating memory of following size=1024
*** Using pageable memory
***DeviveToDevice MemCpy:
Starting Kernel to copy: 
Kernel finished copying 
*** Freeing pageable memory
No errors occured 
Results for cudaMemcpy:
Size:       1024B, H2D:   0.26 GB/s, D2H:   0.09 GB/s, D2D:   0.22 GB/s
Coalesced copy of global memory, size=      1024, gDim=    1, bDim=  128, bw=  0.30GB/s
*** Allocating memory of following size=1024
*** Using pageable memory
***DeviveToDevice MemCpy:
Starting Kernel to copy: 
Kernel finished copying 
*** Freeing pageable memory
No errors occured 
Results for cudaMemcpy:
Size:       1024B, H2D:   0.16 GB/s, D2H:   0.09 GB/s, D2D:   0.15 GB/s
Coalesced copy of global memory, size=      1024, gDim=    1, bDim=  128, bw=  0.30GB/s
*** Allocating memory of following size=1024
*** Using pageable memory
***DeviveToDevice MemCpy:
Starting Kernel to copy: 
Kernel finished copying 
*** Freeing pageable memory
No errors occured 
Results for cudaMemcpy:
Size:       1024B, H2D:   0.27 GB/s, D2H:   0.09 GB/s, D2D:   0.23 GB/s
Coalesced copy of global memory, size=      1024, gDim=    1, bDim=  128, bw=  0.30GB/s
*** Allocating memory of following size=1024
*** Using pageable memory
***DeviveToDevice MemCpy:
Starting Kernel to copy: 
Kernel finished copying 
*** Freeing pageable memory
No errors occured 
Results for cudaMemcpy:
Size:       1024B, H2D:   0.16 GB/s, D2H:   0.08 GB/s, D2D:   0.15 GB/s
Coalesced copy of global memory, size=      1024, gDim=    1, bDim=  128, bw=  0.30GB/s
*** Allocating memory of following size=1024
*** Using pageable memory
***DeviveToDevice MemCpy:
Starting Kernel to copy: 
Kernel finished copying 
*** Freeing pageable memory
No errors occured 
Results for cudaMemcpy:
Size:       1024B, H2D:   0.27 GB/s, D2H:   0.10 GB/s, D2D:   0.23 GB/s
Coalesced copy of global memory, size=      1024, gDim=    1, bDim=  128, bw=  0.30GB/s
*** Allocating memory of following size=1024
*** Using pageable memory
***DeviveToDevice MemCpy:
Starting Kernel to copy: 
Kernel finished copying 
*** Freeing pageable memory
No errors occured 
Results for cudaMemcpy:
Size:       1024B, H2D:   0.17 GB/s, D2H:   0.09 GB/s, D2D:   0.16 GB/s
Coalesced copy of global memory, size=      1024, gDim=    1, bDim=  128, bw=  0.30GB/s
*** Allocating memory of following size=1024
*** Using pageable memory
***DeviveToDevice MemCpy:
Starting Kernel to copy: 
Kernel finished copying 
*** Freeing pageable memory
No errors occured 
Results for cudaMemcpy:
Size:       1024B, H2D:   0.20 GB/s, D2H:   0.09 GB/s, D2D:   0.22 GB/s
Coalesced copy of global memory, size=      1024, gDim=    1, bDim=  128, bw=  0.29GB/s
*** Allocating memory of following size=2048
*** Using pageable memory
***DeviveToDevice MemCpy:
Starting Kernel to copy: 
Kernel finished copying 
*** Freeing pageable memory
No errors occured 
Results for cudaMemcpy:
Size:       2048B, H2D:   0.48 GB/s, D2H:   0.17 GB/s, D2D:   0.31 GB/s
Coalesced copy of global memory, size=      2048, gDim=    1, bDim=  128, bw=  0.63GB/s
*** Allocating memory of following size=2048
*** Using pageable memory
***DeviveToDevice MemCpy:
Starting Kernel to copy: 
Kernel finished copying 
*** Freeing pageable memory
No errors occured 
Results for cudaMemcpy:
Size:       2048B, H2D:   0.52 GB/s, D2H:   0.19 GB/s, D2D:   0.43 GB/s
Coalesced copy of global memory, size=      2048, gDim=    1, bDim=  128, bw=  0.64GB/s
*** Allocating memory of following size=2048
*** Using pageable memory
***DeviveToDevice MemCpy:
Starting Kernel to copy: 
Kernel finished copying 
*** Freeing pageable memory
No errors occured 
Results for cudaMemcpy:
Size:       2048B, H2D:   0.55 GB/s, D2H:   0.21 GB/s, D2D:   0.45 GB/s
Coalesced copy of global memory, size=      2048, gDim=    1, bDim=  128, bw=  0.65GB/s
*** Allocating memory of following size=2048
*** Using pageable memory
***DeviveToDevice MemCpy:
Starting Kernel to copy: 
Kernel finished copying 
*** Freeing pageable memory
No errors occured 
Results for cudaMemcpy:
Size:       2048B, H2D:   0.53 GB/s, D2H:   0.22 GB/s, D2D:   0.44 GB/s
Coalesced copy of global memory, size=      2048, gDim=    1, bDim=  128, bw=  0.71GB/s
*** Allocating memory of following size=2048
*** Using pageable memory
***DeviveToDevice MemCpy:
Starting Kernel to copy: 
Kernel finished copying 
*** Freeing pageable memory
No errors occured 
Results for cudaMemcpy:
Size:       2048B, H2D:   0.57 GB/s, D2H:   0.23 GB/s, D2D:   0.44 GB/s
Coalesced copy of global memory, size=      2048, gDim=    1, bDim=  128, bw=  0.71GB/s
*** Allocating memory of following size=2048
*** Using pageable memory
***DeviveToDevice MemCpy:
Starting Kernel to copy: 
Kernel finished copying 
*** Freeing pageable memory
No errors occured 
Results for cudaMemcpy:
Size:       2048B, H2D:   0.53 GB/s, D2H:   0.22 GB/s, D2D:   0.43 GB/s
Coalesced copy of global memory, size=      2048, gDim=    1, bDim=  128, bw=  0.71GB/s
*** Allocating memory of following size=2048
*** Using pageable memory
***DeviveToDevice MemCpy:
Starting Kernel to copy: 
Kernel finished copying 
*** Freeing pageable memory
No errors occured 
Results for cudaMemcpy:
Size:       2048B, H2D:   0.56 GB/s, D2H:   0.23 GB/s, D2D:   0.46 GB/s
Coalesced copy of global memory, size=      2048, gDim=    1, bDim=  128, bw=  0.71GB/s
*** Allocating memory of following size=2048
*** Using pageable memory
***DeviveToDevice MemCpy:
Starting Kernel to copy: 
Kernel finished copying 
*** Freeing pageable memory
No errors occured 
Results for cudaMemcpy:
Size:       2048B, H2D:   0.54 GB/s, D2H:   0.22 GB/s, D2D:   0.44 GB/s
Coalesced copy of global memory, size=      2048, gDim=    1, bDim=  128, bw=  0.71GB/s
*** Allocating memory of following size=2048
*** Using pageable memory
***DeviveToDevice MemCpy:
Starting Kernel to copy: 
Kernel finished copying 
*** Freeing pageable memory
No errors occured 
Results for cudaMemcpy:
Size:       2048B, H2D:   0.56 GB/s, D2H:   0.23 GB/s, D2D:   0.45 GB/s
Coalesced copy of global memory, size=      2048, gDim=    1, bDim=  128, bw=  0.70GB/s
*** Allocating memory of following size=2048
*** Using pageable memory
***DeviveToDevice MemCpy:
Starting Kernel to copy: 
Kernel finished copying 
*** Freeing pageable memory
No errors occured 
Results for cudaMemcpy:
Size:       2048B, H2D:   0.55 GB/s, D2H:   0.23 GB/s, D2D:   0.45 GB/s
Coalesced copy of global memory, size=      2048, gDim=    1, bDim=  128, bw=  0.71GB/s
*** Allocating memory of following size=2048
*** Using pageable memory
***DeviveToDevice MemCpy:
Starting Kernel to copy: 
Kernel finished copying 
*** Freeing pageable memory
No errors occured 
Results for cudaMemcpy:
Size:       2048B, H2D:   0.55 GB/s, D2H:   0.22 GB/s, D2D:   0.44 GB/s
Coalesced copy of global memory, size=      2048, gDim=    1, bDim=  128, bw=  0.70GB/s
*** Allocating memory of following size=4096
*** Using pageable memory
***DeviveToDevice MemCpy:
Starting Kernel to copy: 
Kernel finished copying 
*** Freeing pageable memory
No errors occured 
Results for cudaMemcpy:
Size:       4096B, H2D:   1.04 GB/s, D2H:   0.43 GB/s, D2D:   0.87 GB/s
Coalesced copy of global memory, size=      4096, gDim=    1, bDim=  128, bw=  1.25GB/s
*** Allocating memory of following size=4096
*** Using pageable memory
***DeviveToDevice MemCpy:
Starting Kernel to copy: 
Kernel finished copying 
*** Freeing pageable memory
No errors occured 
Results for cudaMemcpy:
Size:       4096B, H2D:   1.02 GB/s, D2H:   0.42 GB/s, D2D:   0.83 GB/s
Coalesced copy of global memory, size=      4096, gDim=    1, bDim=  128, bw=  1.23GB/s
*** Allocating memory of following size=4096
*** Using pageable memory
***DeviveToDevice MemCpy:
Starting Kernel to copy: 
Kernel finished copying 
*** Freeing pageable memory
No errors occured 
Results for cudaMemcpy:
Size:       4096B, H2D:   1.02 GB/s, D2H:   0.43 GB/s, D2D:   0.90 GB/s
Coalesced copy of global memory, size=      4096, gDim=    1, bDim=  128, bw=  1.25GB/s
*** Allocating memory of following size=4096
*** Using pageable memory
***DeviveToDevice MemCpy:
Starting Kernel to copy: 
Kernel finished copying 
*** Freeing pageable memory
No errors occured 
Results for cudaMemcpy:
Size:       4096B, H2D:   1.02 GB/s, D2H:   0.43 GB/s, D2D:   0.86 GB/s
Coalesced copy of global memory, size=      4096, gDim=    1, bDim=  128, bw=  1.24GB/s
*** Allocating memory of following size=4096
*** Using pageable memory
***DeviveToDevice MemCpy:
Starting Kernel to copy: 
Kernel finished copying 
*** Freeing pageable memory
No errors occured 
Results for cudaMemcpy:
Size:       4096B, H2D:   1.04 GB/s, D2H:   0.43 GB/s, D2D:   0.89 GB/s
Coalesced copy of global memory, size=      4096, gDim=    1, bDim=  128, bw=  1.23GB/s
*** Allocating memory of following size=4096
*** Using pageable memory
***DeviveToDevice MemCpy:
Starting Kernel to copy: 
Kernel finished copying 
*** Freeing pageable memory
No errors occured 
Results for cudaMemcpy:
Size:       4096B, H2D:   1.06 GB/s, D2H:   0.41 GB/s, D2D:   0.87 GB/s
Coalesced copy of global memory, size=      4096, gDim=    1, bDim=  128, bw=  1.24GB/s
*** Allocating memory of following size=4096
*** Using pageable memory
***DeviveToDevice MemCpy:
Starting Kernel to copy: 
Kernel finished copying 
*** Freeing pageable memory
No errors occured 
Results for cudaMemcpy:
Size:       4096B, H2D:   1.01 GB/s, D2H:   0.35 GB/s, D2D:   0.84 GB/s
Coalesced copy of global memory, size=      4096, gDim=    1, bDim=  128, bw=  1.23GB/s
*** Allocating memory of following size=4096
*** Using pageable memory
***DeviveToDevice MemCpy:
Starting Kernel to copy: 
Kernel finished copying 
*** Freeing pageable memory
No errors occured 
Results for cudaMemcpy:
Size:       4096B, H2D:   1.06 GB/s, D2H:   0.41 GB/s, D2D:   0.90 GB/s
Coalesced copy of global memory, size=      4096, gDim=    1, bDim=  128, bw=  1.23GB/s
*** Allocating memory of following size=4096
*** Using pageable memory
***DeviveToDevice MemCpy:
Starting Kernel to copy: 
Kernel finished copying 
*** Freeing pageable memory
No errors occured 
Results for cudaMemcpy:
Size:       4096B, H2D:   1.05 GB/s, D2H:   0.34 GB/s, D2D:   0.86 GB/s
Coalesced copy of global memory, size=      4096, gDim=    1, bDim=  128, bw=  1.24GB/s
*** Allocating memory of following size=4096
*** Using pageable memory
***DeviveToDevice MemCpy:
Starting Kernel to copy: 
Kernel finished copying 
*** Freeing pageable memory
No errors occured 
Results for cudaMemcpy:
Size:       4096B, H2D:   1.07 GB/s, D2H:   0.33 GB/s, D2D:   0.88 GB/s
Coalesced copy of global memory, size=      4096, gDim=    1, bDim=  128, bw=  1.24GB/s
*** Allocating memory of following size=4096
*** Using pageable memory
***DeviveToDevice MemCpy:
Starting Kernel to copy: 
Kernel finished copying 
*** Freeing pageable memory
No errors occured 
Results for cudaMemcpy:
Size:       4096B, H2D:   1.06 GB/s, D2H:   0.32 GB/s, D2D:   0.88 GB/s
Coalesced copy of global memory, size=      4096, gDim=    1, bDim=  128, bw=  1.24GB/s
*** Allocating memory of following size=8192
*** Using pageable memory
***DeviveToDevice MemCpy:
Starting Kernel to copy: 
Kernel finished copying 
*** Freeing pageable memory
No errors occured 
Results for cudaMemcpy:
Size:       8192B, H2D:   1.92 GB/s, D2H:   0.72 GB/s, D2D:   1.74 GB/s
Coalesced copy of global memory, size=      8192, gDim=    1, bDim=  128, bw=  1.68GB/s
*** Allocating memory of following size=8192
*** Using pageable memory
***DeviveToDevice MemCpy:
Starting Kernel to copy: 
Kernel finished copying 
*** Freeing pageable memory
No errors occured 
Results for cudaMemcpy:
Size:       8192B, H2D:   1.95 GB/s, D2H:   0.81 GB/s, D2D:   1.77 GB/s
Coalesced copy of global memory, size=      8192, gDim=    1, bDim=  128, bw=  1.67GB/s
*** Allocating memory of following size=8192
*** Using pageable memory
***DeviveToDevice MemCpy:
Starting Kernel to copy: 
Kernel finished copying 
*** Freeing pageable memory
No errors occured 
Results for cudaMemcpy:
Size:       8192B, H2D:   2.01 GB/s, D2H:   0.57 GB/s, D2D:   1.72 GB/s
Coalesced copy of global memory, size=      8192, gDim=    1, bDim=  128, bw=  1.68GB/s
*** Allocating memory of following size=8192
*** Using pageable memory
***DeviveToDevice MemCpy:
Starting Kernel to copy: 
Kernel finished copying 
*** Freeing pageable memory
No errors occured 
Results for cudaMemcpy:
Size:       8192B, H2D:   1.79 GB/s, D2H:   0.81 GB/s, D2D:   1.72 GB/s
Coalesced copy of global memory, size=      8192, gDim=    1, bDim=  128, bw=  1.68GB/s
*** Allocating memory of following size=8192
*** Using pageable memory
***DeviveToDevice MemCpy:
Starting Kernel to copy: 
Kernel finished copying 
*** Freeing pageable memory
No errors occured 
Results for cudaMemcpy:
Size:       8192B, H2D:   1.91 GB/s, D2H:   0.60 GB/s, D2D:   1.77 GB/s
Coalesced copy of global memory, size=      8192, gDim=    1, bDim=  128, bw=  1.68GB/s
*** Allocating memory of following size=8192
*** Using pageable memory
***DeviveToDevice MemCpy:
Starting Kernel to copy: 
Kernel finished copying 
*** Freeing pageable memory
No errors occured 
Results for cudaMemcpy:
Size:       8192B, H2D:   2.00 GB/s, D2H:   0.56 GB/s, D2D:   1.77 GB/s
Coalesced copy of global memory, size=      8192, gDim=    1, bDim=  128, bw=  1.67GB/s
*** Allocating memory of following size=8192
*** Using pageable memory
***DeviveToDevice MemCpy:
Starting Kernel to copy: 
Kernel finished copying 
*** Freeing pageable memory
No errors occured 
Results for cudaMemcpy:
Size:       8192B, H2D:   1.87 GB/s, D2H:   0.81 GB/s, D2D:   1.67 GB/s
Coalesced copy of global memory, size=      8192, gDim=    1, bDim=  128, bw=  1.67GB/s
*** Allocating memory of following size=8192
*** Using pageable memory
***DeviveToDevice MemCpy:
Starting Kernel to copy: 
Kernel finished copying 
*** Freeing pageable memory
No errors occured 
Results for cudaMemcpy:
Size:       8192B, H2D:   2.07 GB/s, D2H:   0.83 GB/s, D2D:   1.79 GB/s
Coalesced copy of global memory, size=      8192, gDim=    1, bDim=  128, bw=  1.64GB/s
*** Allocating memory of following size=8192
*** Using pageable memory
***DeviveToDevice MemCpy:
Starting Kernel to copy: 
Kernel finished copying 
*** Freeing pageable memory
No errors occured 
Results for cudaMemcpy:
Size:       8192B, H2D:   1.92 GB/s, D2H:   0.82 GB/s, D2D:   1.77 GB/s
Coalesced copy of global memory, size=      8192, gDim=    1, bDim=  128, bw=  1.68GB/s
*** Allocating memory of following size=8192
*** Using pageable memory
***DeviveToDevice MemCpy:
Starting Kernel to copy: 
Kernel finished copying 
*** Freeing pageable memory
No errors occured 
Results for cudaMemcpy:
Size:       8192B, H2D:   1.98 GB/s, D2H:   0.82 GB/s, D2D:   1.76 GB/s
Coalesced copy of global memory, size=      8192, gDim=    1, bDim=  128, bw=  1.67GB/s
*** Allocating memory of following size=8192
*** Using pageable memory
***DeviveToDevice MemCpy:
Starting Kernel to copy: 
Kernel finished copying 
*** Freeing pageable memory
No errors occured 
Results for cudaMemcpy:
Size:       8192B, H2D:   1.73 GB/s, D2H:   0.77 GB/s, D2D:   1.58 GB/s
Coalesced copy of global memory, size=      8192, gDim=    1, bDim=  128, bw=  1.68GB/s
*** Allocating memory of following size=16384
*** Using pageable memory
***DeviveToDevice MemCpy:
Starting Kernel to copy: 
Kernel finished copying 
*** Freeing pageable memory
No errors occured 
Results for cudaMemcpy:
Size:      16384B, H2D:   3.19 GB/s, D2H:   1.02 GB/s, D2D:   3.25 GB/s
Coalesced copy of global memory, size=     16384, gDim=    1, bDim=  128, bw=  2.06GB/s
*** Allocating memory of following size=16384
*** Using pageable memory
***DeviveToDevice MemCpy:
Starting Kernel to copy: 
Kernel finished copying 
*** Freeing pageable memory
No errors occured 
Results for cudaMemcpy:
Size:      16384B, H2D:   3.30 GB/s, D2H:   1.38 GB/s, D2D:   3.28 GB/s
Coalesced copy of global memory, size=     16384, gDim=    1, bDim=  128, bw=  2.05GB/s
*** Allocating memory of following size=16384
*** Using pageable memory
***DeviveToDevice MemCpy:
Starting Kernel to copy: 
Kernel finished copying 
*** Freeing pageable memory
No errors occured 
Results for cudaMemcpy:
Size:      16384B, H2D:   2.76 GB/s, D2H:   1.37 GB/s, D2D:   3.21 GB/s
Coalesced copy of global memory, size=     16384, gDim=    1, bDim=  128, bw=  2.05GB/s
*** Allocating memory of following size=16384
*** Using pageable memory
***DeviveToDevice MemCpy:
Starting Kernel to copy: 
Kernel finished copying 
*** Freeing pageable memory
No errors occured 
Results for cudaMemcpy:
Size:      16384B, H2D:   3.41 GB/s, D2H:   1.41 GB/s, D2D:   3.30 GB/s
Coalesced copy of global memory, size=     16384, gDim=    1, bDim=  128, bw=  2.05GB/s
*** Allocating memory of following size=16384
*** Using pageable memory
***DeviveToDevice MemCpy:
Starting Kernel to copy: 
Kernel finished copying 
*** Freeing pageable memory
No errors occured 
Results for cudaMemcpy:
Size:      16384B, H2D:   2.97 GB/s, D2H:   1.34 GB/s, D2D:   3.18 GB/s
Coalesced copy of global memory, size=     16384, gDim=    1, bDim=  128, bw=  2.05GB/s
*** Allocating memory of following size=16384
*** Using pageable memory
***DeviveToDevice MemCpy:
Starting Kernel to copy: 
Kernel finished copying 
*** Freeing pageable memory
No errors occured 
Results for cudaMemcpy:
Size:      16384B, H2D:   3.10 GB/s, D2H:   1.36 GB/s, D2D:   3.09 GB/s
Coalesced copy of global memory, size=     16384, gDim=    1, bDim=  128, bw=  2.05GB/s
*** Allocating memory of following size=16384
*** Using pageable memory
***DeviveToDevice MemCpy:
Starting Kernel to copy: 
Kernel finished copying 
*** Freeing pageable memory
No errors occured 
Results for cudaMemcpy:
Size:      16384B, H2D:   3.05 GB/s, D2H:   1.24 GB/s, D2D:   2.57 GB/s
Coalesced copy of global memory, size=     16384, gDim=    1, bDim=  128, bw=  2.06GB/s
*** Allocating memory of following size=16384
*** Using pageable memory
***DeviveToDevice MemCpy:
Starting Kernel to copy: 
Kernel finished copying 
*** Freeing pageable memory
No errors occured 
Results for cudaMemcpy:
Size:      16384B, H2D:   2.69 GB/s, D2H:   1.29 GB/s, D2D:   2.27 GB/s
Coalesced copy of global memory, size=     16384, gDim=    1, bDim=  128, bw=  2.05GB/s
*** Allocating memory of following size=16384
*** Using pageable memory
***DeviveToDevice MemCpy:
Starting Kernel to copy: 
Kernel finished copying 
*** Freeing pageable memory
No errors occured 
Results for cudaMemcpy:
Size:      16384B, H2D:   2.51 GB/s, D2H:   1.26 GB/s, D2D:   2.32 GB/s
Coalesced copy of global memory, size=     16384, gDim=    1, bDim=  128, bw=  2.05GB/s
*** Allocating memory of following size=16384
*** Using pageable memory
***DeviveToDevice MemCpy:
Starting Kernel to copy: 
Kernel finished copying 
*** Freeing pageable memory
No errors occured 
Results for cudaMemcpy:
Size:      16384B, H2D:   2.67 GB/s, D2H:   1.25 GB/s, D2D:   2.63 GB/s
Coalesced copy of global memory, size=     16384, gDim=    1, bDim=  128, bw=  2.07GB/s
*** Allocating memory of following size=16384
*** Using pageable memory
***DeviveToDevice MemCpy:
Starting Kernel to copy: 
Kernel finished copying 
*** Freeing pageable memory
No errors occured 
Results for cudaMemcpy:
Size:      16384B, H2D:   2.75 GB/s, D2H:   1.30 GB/s, D2D:   2.51 GB/s
Coalesced copy of global memory, size=     16384, gDim=    1, bDim=  128, bw=  2.87GB/s
*** Allocating memory of following size=32768
*** Using pageable memory
***DeviveToDevice MemCpy:
Starting Kernel to copy: 
Kernel finished copying 
*** Freeing pageable memory
No errors occured 
Results for cudaMemcpy:
Size:      32768B, H2D:   4.27 GB/s, D2H:   1.28 GB/s, D2D:   5.56 GB/s
Coalesced copy of global memory, size=     32768, gDim=    1, bDim=  128, bw=  3.22GB/s
*** Allocating memory of following size=32768
*** Using pageable memory
***DeviveToDevice MemCpy:
Starting Kernel to copy: 
Kernel finished copying 
*** Freeing pageable memory
No errors occured 
Results for cudaMemcpy:
Size:      32768B, H2D:   4.51 GB/s, D2H:   2.06 GB/s, D2D:   4.84 GB/s
Coalesced copy of global memory, size=     32768, gDim=    1, bDim=  128, bw=  3.24GB/s
*** Allocating memory of following size=32768
*** Using pageable memory
***DeviveToDevice MemCpy:
Starting Kernel to copy: 
Kernel finished copying 
*** Freeing pageable memory
No errors occured 
Results for cudaMemcpy:
Size:      32768B, H2D:   4.69 GB/s, D2H:   2.11 GB/s, D2D:   5.22 GB/s
Coalesced copy of global memory, size=     32768, gDim=    1, bDim=  128, bw=  3.23GB/s
*** Allocating memory of following size=32768
*** Using pageable memory
***DeviveToDevice MemCpy:
Starting Kernel to copy: 
Kernel finished copying 
*** Freeing pageable memory
No errors occured 
Results for cudaMemcpy:
Size:      32768B, H2D:   4.53 GB/s, D2H:   2.10 GB/s, D2D:   4.71 GB/s
Coalesced copy of global memory, size=     32768, gDim=    1, bDim=  128, bw=  3.24GB/s
*** Allocating memory of following size=32768
*** Using pageable memory
***DeviveToDevice MemCpy:
Starting Kernel to copy: 
Kernel finished copying 
*** Freeing pageable memory
No errors occured 
Results for cudaMemcpy:
Size:      32768B, H2D:   4.51 GB/s, D2H:   2.07 GB/s, D2D:   4.38 GB/s
Coalesced copy of global memory, size=     32768, gDim=    1, bDim=  128, bw=  3.25GB/s
*** Allocating memory of following size=32768
*** Using pageable memory
***DeviveToDevice MemCpy:
Starting Kernel to copy: 
Kernel finished copying 
*** Freeing pageable memory
No errors occured 
Results for cudaMemcpy:
Size:      32768B, H2D:   4.32 GB/s, D2H:   2.13 GB/s, D2D:   4.67 GB/s
Coalesced copy of global memory, size=     32768, gDim=    1, bDim=  128, bw=  3.25GB/s
*** Allocating memory of following size=32768
*** Using pageable memory
***DeviveToDevice MemCpy:
Starting Kernel to copy: 
Kernel finished copying 
*** Freeing pageable memory
No errors occured 
Results for cudaMemcpy:
Size:      32768B, H2D:   4.27 GB/s, D2H:   2.09 GB/s, D2D:   4.58 GB/s
Coalesced copy of global memory, size=     32768, gDim=    1, bDim=  128, bw=  3.22GB/s
*** Allocating memory of following size=32768
*** Using pageable memory
***DeviveToDevice MemCpy:
Starting Kernel to copy: 
Kernel finished copying 
*** Freeing pageable memory
No errors occured 
Results for cudaMemcpy:
Size:      32768B, H2D:   4.07 GB/s, D2H:   2.07 GB/s, D2D:   3.87 GB/s
Coalesced copy of global memory, size=     32768, gDim=    1, bDim=  128, bw=  3.24GB/s
*** Allocating memory of following size=32768
*** Using pageable memory
***DeviveToDevice MemCpy:
Starting Kernel to copy: 
Kernel finished copying 
*** Freeing pageable memory
No errors occured 
Results for cudaMemcpy:
Size:      32768B, H2D:   4.48 GB/s, D2H:   2.12 GB/s, D2D:   4.43 GB/s
Coalesced copy of global memory, size=     32768, gDim=    1, bDim=  128, bw=  3.26GB/s
*** Allocating memory of following size=32768
*** Using pageable memory
***DeviveToDevice MemCpy:
Starting Kernel to copy: 
Kernel finished copying 
*** Freeing pageable memory
No errors occured 
Results for cudaMemcpy:
Size:      32768B, H2D:   4.56 GB/s, D2H:   2.11 GB/s, D2D:   4.86 GB/s
Coalesced copy of global memory, size=     32768, gDim=    1, bDim=  128, bw=  3.28GB/s
*** Allocating memory of following size=32768
*** Using pageable memory
***DeviveToDevice MemCpy:
Starting Kernel to copy: 
Kernel finished copying 
*** Freeing pageable memory
No errors occured 
Results for cudaMemcpy:
Size:      32768B, H2D:   4.00 GB/s, D2H:   2.04 GB/s, D2D:   4.60 GB/s
Coalesced copy of global memory, size=     32768, gDim=    1, bDim=  128, bw=  3.28GB/s
*** Allocating memory of following size=65536
*** Using pageable memory
***DeviveToDevice MemCpy:
Starting Kernel to copy: 
Kernel finished copying 
*** Freeing pageable memory
No errors occured 
Results for cudaMemcpy:
Size:      65536B, H2D:   6.90 GB/s, D2H:   1.59 GB/s, D2D:   9.54 GB/s
Coalesced copy of global memory, size=     65536, gDim=    1, bDim=  128, bw=  3.49GB/s
*** Allocating memory of following size=65536
*** Using pageable memory
***DeviveToDevice MemCpy:
Starting Kernel to copy: 
Kernel finished copying 
*** Freeing pageable memory
No errors occured 
Results for cudaMemcpy:
Size:      65536B, H2D:   6.12 GB/s, D2H:   3.00 GB/s, D2D:   8.95 GB/s
Coalesced copy of global memory, size=     65536, gDim=    1, bDim=  128, bw=  3.45GB/s
*** Allocating memory of following size=65536
*** Using pageable memory
***DeviveToDevice MemCpy:
Starting Kernel to copy: 
Kernel finished copying 
*** Freeing pageable memory
No errors occured 
Results for cudaMemcpy:
Size:      65536B, H2D:   6.53 GB/s, D2H:   2.97 GB/s, D2D:   8.52 GB/s
Coalesced copy of global memory, size=     65536, gDim=    1, bDim=  128, bw=  3.45GB/s
*** Allocating memory of following size=65536
*** Using pageable memory
***DeviveToDevice MemCpy:
Starting Kernel to copy: 
Kernel finished copying 
*** Freeing pageable memory
No errors occured 
Results for cudaMemcpy:
Size:      65536B, H2D:   6.33 GB/s, D2H:   3.18 GB/s, D2D:   8.33 GB/s
Coalesced copy of global memory, size=     65536, gDim=    1, bDim=  128, bw=  3.45GB/s
*** Allocating memory of following size=65536
*** Using pageable memory
***DeviveToDevice MemCpy:
Starting Kernel to copy: 
Kernel finished copying 
*** Freeing pageable memory
No errors occured 
Results for cudaMemcpy:
Size:      65536B, H2D:   8.42 GB/s, D2H:   2.24 GB/s, D2D:  11.96 GB/s
Coalesced copy of global memory, size=     65536, gDim=    1, bDim=  128, bw=  3.45GB/s
*** Allocating memory of following size=65536
*** Using pageable memory
***DeviveToDevice MemCpy:
Starting Kernel to copy: 
Kernel finished copying 
*** Freeing pageable memory
No errors occured 
Results for cudaMemcpy:
Size:      65536B, H2D:   6.18 GB/s, D2H:   2.33 GB/s, D2D:   9.53 GB/s
Coalesced copy of global memory, size=     65536, gDim=    1, bDim=  128, bw=  3.45GB/s
*** Allocating memory of following size=65536
*** Using pageable memory
***DeviveToDevice MemCpy:
Starting Kernel to copy: 
Kernel finished copying 
*** Freeing pageable memory
No errors occured 
Results for cudaMemcpy:
Size:      65536B, H2D:   8.59 GB/s, D2H:   2.24 GB/s, D2D:  12.80 GB/s
Coalesced copy of global memory, size=     65536, gDim=    1, bDim=  128, bw=  3.45GB/s
*** Allocating memory of following size=65536
*** Using pageable memory
***DeviveToDevice MemCpy:
Starting Kernel to copy: 
Kernel finished copying 
*** Freeing pageable memory
No errors occured 
Results for cudaMemcpy:
Size:      65536B, H2D:   8.76 GB/s, D2H:   2.31 GB/s, D2D:  13.51 GB/s
Coalesced copy of global memory, size=     65536, gDim=    1, bDim=  128, bw=  3.45GB/s
*** Allocating memory of following size=65536
*** Using pageable memory
***DeviveToDevice MemCpy:
Starting Kernel to copy: 
Kernel finished copying 
*** Freeing pageable memory
No errors occured 
Results for cudaMemcpy:
Size:      65536B, H2D:   8.66 GB/s, D2H:   2.28 GB/s, D2D:  12.63 GB/s
Coalesced copy of global memory, size=     65536, gDim=    1, bDim=  128, bw=  3.46GB/s
*** Allocating memory of following size=65536
*** Using pageable memory
***DeviveToDevice MemCpy:
Starting Kernel to copy: 
Kernel finished copying 
*** Freeing pageable memory
No errors occured 
Results for cudaMemcpy:
Size:      65536B, H2D:   8.48 GB/s, D2H:   1.32 GB/s, D2D:  12.30 GB/s
Coalesced copy of global memory, size=     65536, gDim=    1, bDim=  128, bw=  3.45GB/s
*** Allocating memory of following size=65536
*** Using pageable memory
***DeviveToDevice MemCpy:
Starting Kernel to copy: 
Kernel finished copying 
*** Freeing pageable memory
No errors occured 
Results for cudaMemcpy:
Size:      65536B, H2D:   8.51 GB/s, D2H:   2.89 GB/s, D2D:  12.75 GB/s
Coalesced copy of global memory, size=     65536, gDim=    1, bDim=  128, bw=  3.45GB/s
*** Allocating memory of following size=131072
*** Using pageable memory
***DeviveToDevice MemCpy:
Starting Kernel to copy: 
Kernel finished copying 
*** Freeing pageable memory
No errors occured 
Results for cudaMemcpy:
Size:     131072B, H2D:   9.60 GB/s, D2H:   1.16 GB/s, D2D:  23.66 GB/s
Coalesced copy of global memory, size=    131072, gDim=    1, bDim=  128, bw=  3.57GB/s
*** Allocating memory of following size=131072
*** Using pageable memory
***DeviveToDevice MemCpy:
Starting Kernel to copy: 
Kernel finished copying 
*** Freeing pageable memory
No errors occured 
Results for cudaMemcpy:
Size:     131072B, H2D:   6.81 GB/s, D2H:   2.15 GB/s, D2D:  24.55 GB/s
Coalesced copy of global memory, size=    131072, gDim=    1, bDim=  128, bw=  3.57GB/s
*** Allocating memory of following size=131072
*** Using pageable memory
***DeviveToDevice MemCpy:
Starting Kernel to copy: 
Kernel finished copying 
*** Freeing pageable memory
No errors occured 
Results for cudaMemcpy:
Size:     131072B, H2D:   7.92 GB/s, D2H:   2.18 GB/s, D2D:  22.64 GB/s
Coalesced copy of global memory, size=    131072, gDim=    1, bDim=  128, bw=  3.57GB/s
*** Allocating memory of following size=131072
*** Using pageable memory
***DeviveToDevice MemCpy:
Starting Kernel to copy: 
Kernel finished copying 
*** Freeing pageable memory
No errors occured 
Results for cudaMemcpy:
Size:     131072B, H2D:   7.17 GB/s, D2H:   2.37 GB/s, D2D:  16.18 GB/s
Coalesced copy of global memory, size=    131072, gDim=    1, bDim=  128, bw=  3.57GB/s
*** Allocating memory of following size=131072
*** Using pageable memory
***DeviveToDevice MemCpy:
Starting Kernel to copy: 
Kernel finished copying 
*** Freeing pageable memory
No errors occured 
Results for cudaMemcpy:
Size:     131072B, H2D:  11.65 GB/s, D2H:   1.23 GB/s, D2D:  22.60 GB/s
Coalesced copy of global memory, size=    131072, gDim=    1, bDim=  128, bw=  3.57GB/s
*** Allocating memory of following size=131072
*** Using pageable memory
***DeviveToDevice MemCpy:
Starting Kernel to copy: 
Kernel finished copying 
*** Freeing pageable memory
No errors occured 
Results for cudaMemcpy:
Size:     131072B, H2D:   9.16 GB/s, D2H:   2.92 GB/s, D2D:  19.45 GB/s
Coalesced copy of global memory, size=    131072, gDim=    1, bDim=  128, bw=  3.57GB/s
*** Allocating memory of following size=131072
*** Using pageable memory
***DeviveToDevice MemCpy:
Starting Kernel to copy: 
Kernel finished copying 
*** Freeing pageable memory
No errors occured 
Results for cudaMemcpy:
Size:     131072B, H2D:   9.77 GB/s, D2H:   2.94 GB/s, D2D:  25.11 GB/s
Coalesced copy of global memory, size=    131072, gDim=    1, bDim=  128, bw=  3.57GB/s
*** Allocating memory of following size=131072
*** Using pageable memory
***DeviveToDevice MemCpy:
Starting Kernel to copy: 
Kernel finished copying 
*** Freeing pageable memory
No errors occured 
Results for cudaMemcpy:
Size:     131072B, H2D:  11.65 GB/s, D2H:   2.91 GB/s, D2D:  22.83 GB/s
Coalesced copy of global memory, size=    131072, gDim=    1, bDim=  128, bw=  3.57GB/s
*** Allocating memory of following size=131072
*** Using pageable memory
***DeviveToDevice MemCpy:
Starting Kernel to copy: 
Kernel finished copying 
*** Freeing pageable memory
No errors occured 
Results for cudaMemcpy:
Size:     131072B, H2D:   9.15 GB/s, D2H:   3.00 GB/s, D2D:  24.32 GB/s
Coalesced copy of global memory, size=    131072, gDim=    1, bDim=  128, bw=  3.56GB/s
*** Allocating memory of following size=131072
*** Using pageable memory
***DeviveToDevice MemCpy:
Starting Kernel to copy: 
Kernel finished copying 
*** Freeing pageable memory
No errors occured 
Results for cudaMemcpy:
Size:     131072B, H2D:   9.08 GB/s, D2H:   3.11 GB/s, D2D:  15.33 GB/s
Coalesced copy of global memory, size=    131072, gDim=    1, bDim=  128, bw=  3.57GB/s
*** Allocating memory of following size=131072
*** Using pageable memory
***DeviveToDevice MemCpy:
Starting Kernel to copy: 
Kernel finished copying 
*** Freeing pageable memory
No errors occured 
Results for cudaMemcpy:
Size:     131072B, H2D:   8.61 GB/s, D2H:   2.98 GB/s, D2D:  14.32 GB/s
Coalesced copy of global memory, size=    131072, gDim=    1, bDim=  128, bw=  3.57GB/s
*** Allocating memory of following size=262144
*** Using pageable memory
***DeviveToDevice MemCpy:
Starting Kernel to copy: 
Kernel finished copying 
*** Freeing pageable memory
No errors occured 
Results for cudaMemcpy:
Size:     262144B, H2D:  11.70 GB/s, D2H:   1.91 GB/s, D2D:  30.48 GB/s
Coalesced copy of global memory, size=    262144, gDim=    1, bDim=  128, bw=  3.63GB/s
*** Allocating memory of following size=262144
*** Using pageable memory
***DeviveToDevice MemCpy:
Starting Kernel to copy: 
Kernel finished copying 
*** Freeing pageable memory
No errors occured 
Results for cudaMemcpy:
Size:     262144B, H2D:  10.99 GB/s, D2H:   3.76 GB/s, D2D:  27.86 GB/s
Coalesced copy of global memory, size=    262144, gDim=    1, bDim=  128, bw=  3.63GB/s
*** Allocating memory of following size=262144
*** Using pageable memory
***DeviveToDevice MemCpy:
Starting Kernel to copy: 
Kernel finished copying 
*** Freeing pageable memory
No errors occured 
Results for cudaMemcpy:
Size:     262144B, H2D:  13.94 GB/s, D2H:   3.85 GB/s, D2D:  39.54 GB/s
Coalesced copy of global memory, size=    262144, gDim=    1, bDim=  128, bw=  3.63GB/s
*** Allocating memory of following size=262144
*** Using pageable memory
***DeviveToDevice MemCpy:
Starting Kernel to copy: 
Kernel finished copying 
*** Freeing pageable memory
No errors occured 
Results for cudaMemcpy:
Size:     262144B, H2D:   9.19 GB/s, D2H:   1.21 GB/s, D2D:  32.89 GB/s
Coalesced copy of global memory, size=    262144, gDim=    1, bDim=  128, bw=  3.64GB/s
*** Allocating memory of following size=262144
*** Using pageable memory
***DeviveToDevice MemCpy:
Starting Kernel to copy: 
Kernel finished copying 
*** Freeing pageable memory
No errors occured 
Results for cudaMemcpy:
Size:     262144B, H2D:   9.90 GB/s, D2H:   3.92 GB/s, D2D:  20.07 GB/s
Coalesced copy of global memory, size=    262144, gDim=    1, bDim=  128, bw=  3.64GB/s
*** Allocating memory of following size=262144
*** Using pageable memory
***DeviveToDevice MemCpy:
Starting Kernel to copy: 
Kernel finished copying 
*** Freeing pageable memory
No errors occured 
Results for cudaMemcpy:
Size:     262144B, H2D:   6.22 GB/s, D2H:   2.61 GB/s, D2D:  19.01 GB/s
Coalesced copy of global memory, size=    262144, gDim=    1, bDim=  128, bw=  3.64GB/s
*** Allocating memory of following size=262144
*** Using pageable memory
***DeviveToDevice MemCpy:
Starting Kernel to copy: 
Kernel finished copying 
*** Freeing pageable memory
No errors occured 
Results for cudaMemcpy:
Size:     262144B, H2D:  13.19 GB/s, D2H:   3.90 GB/s, D2D:  37.93 GB/s
Coalesced copy of global memory, size=    262144, gDim=    1, bDim=  128, bw=  3.63GB/s
*** Allocating memory of following size=262144
*** Using pageable memory
***DeviveToDevice MemCpy:
Starting Kernel to copy: 
Kernel finished copying 
*** Freeing pageable memory
No errors occured 
Results for cudaMemcpy:
Size:     262144B, H2D:   8.98 GB/s, D2H:   3.75 GB/s, D2D:  19.72 GB/s
Coalesced copy of global memory, size=    262144, gDim=    1, bDim=  128, bw=  3.64GB/s
*** Allocating memory of following size=262144
*** Using pageable memory
***DeviveToDevice MemCpy:
Starting Kernel to copy: 
Kernel finished copying 
*** Freeing pageable memory
No errors occured 
Results for cudaMemcpy:
Size:     262144B, H2D:  11.24 GB/s, D2H:   2.76 GB/s, D2D:  27.17 GB/s
Coalesced copy of global memory, size=    262144, gDim=    1, bDim=  128, bw=  3.63GB/s
*** Allocating memory of following size=262144
*** Using pageable memory
***DeviveToDevice MemCpy:
Starting Kernel to copy: 
Kernel finished copying 
*** Freeing pageable memory
No errors occured 
Results for cudaMemcpy:
Size:     262144B, H2D:  10.86 GB/s, D2H:   1.23 GB/s, D2D:  35.71 GB/s
Coalesced copy of global memory, size=    262144, gDim=    1, bDim=  128, bw=  3.63GB/s
*** Allocating memory of following size=262144
*** Using pageable memory
***DeviveToDevice MemCpy:
Starting Kernel to copy: 
Kernel finished copying 
*** Freeing pageable memory
No errors occured 
Results for cudaMemcpy:
Size:     262144B, H2D:  10.67 GB/s, D2H:   1.32 GB/s, D2D:  47.92 GB/s
Coalesced copy of global memory, size=    262144, gDim=    1, bDim=  128, bw=  3.64GB/s
*** Allocating memory of following size=524288
*** Using pageable memory
***DeviveToDevice MemCpy:
Starting Kernel to copy: 
Kernel finished copying 
*** Freeing pageable memory
No errors occured 
Results for cudaMemcpy:
Size:     524288B, H2D:  16.83 GB/s, D2H:   1.91 GB/s, D2D:  86.23 GB/s
Coalesced copy of global memory, size=    524288, gDim=    1, bDim=  128, bw=  3.67GB/s
*** Allocating memory of following size=524288
*** Using pageable memory
***DeviveToDevice MemCpy:
Starting Kernel to copy: 
Kernel finished copying 
*** Freeing pageable memory
No errors occured 
Results for cudaMemcpy:
Size:     524288B, H2D:   8.73 GB/s, D2H:   4.29 GB/s, D2D:  36.03 GB/s
Coalesced copy of global memory, size=    524288, gDim=    1, bDim=  128, bw=  3.67GB/s
*** Allocating memory of following size=524288
*** Using pageable memory
***DeviveToDevice MemCpy:
Starting Kernel to copy: 
Kernel finished copying 
*** Freeing pageable memory
No errors occured 
Results for cudaMemcpy:
Size:     524288B, H2D:  11.02 GB/s, D2H:   4.32 GB/s, D2D:  48.41 GB/s
Coalesced copy of global memory, size=    524288, gDim=    1, bDim=  128, bw=  3.67GB/s
*** Allocating memory of following size=524288
*** Using pageable memory
***DeviveToDevice MemCpy:
Starting Kernel to copy: 
Kernel finished copying 
*** Freeing pageable memory
No errors occured 
Results for cudaMemcpy:
Size:     524288B, H2D:  13.39 GB/s, D2H:   1.23 GB/s, D2D:  69.91 GB/s
Coalesced copy of global memory, size=    524288, gDim=    1, bDim=  128, bw=  3.66GB/s
*** Allocating memory of following size=524288
*** Using pageable memory
***DeviveToDevice MemCpy:
Starting Kernel to copy: 
Kernel finished copying 
*** Freeing pageable memory
No errors occured 
Results for cudaMemcpy:
Size:     524288B, H2D:  11.20 GB/s, D2H:   1.39 GB/s, D2D:  76.20 GB/s
Coalesced copy of global memory, size=    524288, gDim=    1, bDim=  128, bw=  3.67GB/s
*** Allocating memory of following size=524288
*** Using pageable memory
***DeviveToDevice MemCpy:
Starting Kernel to copy: 
Kernel finished copying 
*** Freeing pageable memory
No errors occured 
Results for cudaMemcpy:
Size:     524288B, H2D:   8.87 GB/s, D2H:   1.80 GB/s, D2D:  62.12 GB/s
Coalesced copy of global memory, size=    524288, gDim=    1, bDim=  128, bw=  3.67GB/s
*** Allocating memory of following size=524288
*** Using pageable memory
***DeviveToDevice MemCpy:
Starting Kernel to copy: 
Kernel finished copying 
*** Freeing pageable memory
No errors occured 
Results for cudaMemcpy:
Size:     524288B, H2D:  12.09 GB/s, D2H:   4.03 GB/s, D2D:  70.66 GB/s
Coalesced copy of global memory, size=    524288, gDim=    1, bDim=  128, bw=  3.67GB/s
*** Allocating memory of following size=524288
*** Using pageable memory
***DeviveToDevice MemCpy:
Starting Kernel to copy: 
Kernel finished copying 
*** Freeing pageable memory
No errors occured 
Results for cudaMemcpy:
Size:     524288B, H2D:   9.68 GB/s, D2H:   4.06 GB/s, D2D:  40.45 GB/s
Coalesced copy of global memory, size=    524288, gDim=    1, bDim=  128, bw=  3.67GB/s
*** Allocating memory of following size=524288
*** Using pageable memory
***DeviveToDevice MemCpy:
Starting Kernel to copy: 
Kernel finished copying 
*** Freeing pageable memory
No errors occured 
Results for cudaMemcpy:
Size:     524288B, H2D:  11.60 GB/s, D2H:   4.00 GB/s, D2D:  40.90 GB/s
Coalesced copy of global memory, size=    524288, gDim=    1, bDim=  128, bw=  3.67GB/s
*** Allocating memory of following size=524288
*** Using pageable memory
***DeviveToDevice MemCpy:
Starting Kernel to copy: 
Kernel finished copying 
*** Freeing pageable memory
No errors occured 
Results for cudaMemcpy:
Size:     524288B, H2D:  12.94 GB/s, D2H:   4.25 GB/s, D2D:  42.69 GB/s
Coalesced copy of global memory, size=    524288, gDim=    1, bDim=  128, bw=  3.67GB/s
*** Allocating memory of following size=524288
*** Using pageable memory
***DeviveToDevice MemCpy:
Starting Kernel to copy: 
Kernel finished copying 
*** Freeing pageable memory
No errors occured 
Results for cudaMemcpy:
Size:     524288B, H2D:  11.86 GB/s, D2H:   3.00 GB/s, D2D:  45.16 GB/s
Coalesced copy of global memory, size=    524288, gDim=    1, bDim=  128, bw=  3.67GB/s
*** Allocating memory of following size=1048576
*** Using pageable memory
***DeviveToDevice MemCpy:
Starting Kernel to copy: 
Kernel finished copying 
*** Freeing pageable memory
No errors occured 
Results for cudaMemcpy:
Size:    1048576B, H2D:  10.78 GB/s, D2H:   1.04 GB/s, D2D: 115.10 GB/s
Coalesced copy of global memory, size=   1048576, gDim=    1, bDim=  128, bw=  3.69GB/s
*** Allocating memory of following size=1048576
*** Using pageable memory
***DeviveToDevice MemCpy:
Starting Kernel to copy: 
Kernel finished copying 
*** Freeing pageable memory
No errors occured 
Results for cudaMemcpy:
Size:    1048576B, H2D:  10.85 GB/s, D2H:   4.19 GB/s, D2D:  77.79 GB/s
Coalesced copy of global memory, size=   1048576, gDim=    1, bDim=  128, bw=  3.69GB/s
*** Allocating memory of following size=1048576
*** Using pageable memory
***DeviveToDevice MemCpy:
Starting Kernel to copy: 
Kernel finished copying 
*** Freeing pageable memory
No errors occured 
Results for cudaMemcpy:
Size:    1048576B, H2D:  10.12 GB/s, D2H:   2.67 GB/s, D2D:  82.76 GB/s
Coalesced copy of global memory, size=   1048576, gDim=    1, bDim=  128, bw=  3.70GB/s
*** Allocating memory of following size=1048576
*** Using pageable memory
***DeviveToDevice MemCpy:
Starting Kernel to copy: 
Kernel finished copying 
*** Freeing pageable memory
No errors occured 
Results for cudaMemcpy:
Size:    1048576B, H2D:  13.02 GB/s, D2H:   4.47 GB/s, D2D:  73.64 GB/s
Coalesced copy of global memory, size=   1048576, gDim=    1, bDim=  128, bw=  3.69GB/s
*** Allocating memory of following size=1048576
*** Using pageable memory
***DeviveToDevice MemCpy:
Starting Kernel to copy: 
Kernel finished copying 
*** Freeing pageable memory
No errors occured 
Results for cudaMemcpy:
Size:    1048576B, H2D:  16.89 GB/s, D2H:   4.48 GB/s, D2D:  81.16 GB/s
Coalesced copy of global memory, size=   1048576, gDim=    1, bDim=  128, bw=  3.69GB/s
*** Allocating memory of following size=1048576
*** Using pageable memory
***DeviveToDevice MemCpy:
Starting Kernel to copy: 
Kernel finished copying 
*** Freeing pageable memory
No errors occured 
Results for cudaMemcpy:
Size:    1048576B, H2D:  10.83 GB/s, D2H:   4.01 GB/s, D2D:  73.48 GB/s
Coalesced copy of global memory, size=   1048576, gDim=    1, bDim=  128, bw=  3.68GB/s
*** Allocating memory of following size=1048576
*** Using pageable memory
***DeviveToDevice MemCpy:
Starting Kernel to copy: 
Kernel finished copying 
*** Freeing pageable memory
No errors occured 
Results for cudaMemcpy:
Size:    1048576B, H2D:  13.78 GB/s, D2H:   4.48 GB/s, D2D:  72.42 GB/s
Coalesced copy of global memory, size=   1048576, gDim=    1, bDim=  128, bw=  3.69GB/s
*** Allocating memory of following size=1048576
*** Using pageable memory
***DeviveToDevice MemCpy:
Starting Kernel to copy: 
Kernel finished copying 
*** Freeing pageable memory
No errors occured 
Results for cudaMemcpy:
Size:    1048576B, H2D:  14.65 GB/s, D2H:   3.14 GB/s, D2D:  79.86 GB/s
Coalesced copy of global memory, size=   1048576, gDim=    1, bDim=  128, bw=  3.68GB/s
*** Allocating memory of following size=1048576
*** Using pageable memory
***DeviveToDevice MemCpy:
Starting Kernel to copy: 
Kernel finished copying 
*** Freeing pageable memory
No errors occured 
Results for cudaMemcpy:
Size:    1048576B, H2D:  11.45 GB/s, D2H:   3.75 GB/s, D2D: 114.10 GB/s
Coalesced copy of global memory, size=   1048576, gDim=    1, bDim=  128, bw=  3.69GB/s
*** Allocating memory of following size=1048576
*** Using pageable memory
***DeviveToDevice MemCpy:
Starting Kernel to copy: 
Kernel finished copying 
*** Freeing pageable memory
No errors occured 
Results for cudaMemcpy:
Size:    1048576B, H2D:  15.40 GB/s, D2H:   4.47 GB/s, D2D: 122.64 GB/s
Coalesced copy of global memory, size=   1048576, gDim=    1, bDim=  128, bw=  3.69GB/s
*** Allocating memory of following size=1048576
*** Using pageable memory
***DeviveToDevice MemCpy:
Starting Kernel to copy: 
Kernel finished copying 
*** Freeing pageable memory
No errors occured 
Results for cudaMemcpy:
Size:    1048576B, H2D:  14.58 GB/s, D2H:   3.23 GB/s, D2D:  73.02 GB/s
Coalesced copy of global memory, size=   1048576, gDim=    1, bDim=  128, bw=  3.68GB/s
*** Allocating memory of following size=2097152
*** Using pageable memory
***DeviveToDevice MemCpy:
Starting Kernel to copy: 
Kernel finished copying 
*** Freeing pageable memory
No errors occured 
Results for cudaMemcpy:
Size:    2097152B, H2D:  16.13 GB/s, D2H:   2.02 GB/s, D2D: 151.53 GB/s
Coalesced copy of global memory, size=   2097152, gDim=    1, bDim=  128, bw=  3.69GB/s
*** Allocating memory of following size=2097152
*** Using pageable memory
***DeviveToDevice MemCpy:
Starting Kernel to copy: 
Kernel finished copying 
*** Freeing pageable memory
No errors occured 
Results for cudaMemcpy:
Size:    2097152B, H2D:  16.22 GB/s, D2H:   1.39 GB/s, D2D: 158.40 GB/s
Coalesced copy of global memory, size=   2097152, gDim=    1, bDim=  128, bw=  3.70GB/s
*** Allocating memory of following size=2097152
*** Using pageable memory
***DeviveToDevice MemCpy:
Starting Kernel to copy: 
Kernel finished copying 
*** Freeing pageable memory
No errors occured 
Results for cudaMemcpy:
Size:    2097152B, H2D:  16.53 GB/s, D2H:   3.71 GB/s, D2D: 129.45 GB/s
Coalesced copy of global memory, size=   2097152, gDim=    1, bDim=  128, bw=  3.70GB/s
*** Allocating memory of following size=2097152
*** Using pageable memory
***DeviveToDevice MemCpy:
Starting Kernel to copy: 
Kernel finished copying 
*** Freeing pageable memory
No errors occured 
Results for cudaMemcpy:
Size:    2097152B, H2D:   9.68 GB/s, D2H:   3.89 GB/s, D2D: 118.35 GB/s
Coalesced copy of global memory, size=   2097152, gDim=    1, bDim=  128, bw=  3.70GB/s
*** Allocating memory of following size=2097152
*** Using pageable memory
***DeviveToDevice MemCpy:
Starting Kernel to copy: 
Kernel finished copying 
*** Freeing pageable memory
No errors occured 
Results for cudaMemcpy:
Size:    2097152B, H2D:   9.64 GB/s, D2H:   4.03 GB/s, D2D: 103.00 GB/s
Coalesced copy of global memory, size=   2097152, gDim=    1, bDim=  128, bw=  3.70GB/s
*** Allocating memory of following size=2097152
*** Using pageable memory
***DeviveToDevice MemCpy:
Starting Kernel to copy: 
Kernel finished copying 
*** Freeing pageable memory
No errors occured 
Results for cudaMemcpy:
Size:    2097152B, H2D:  16.86 GB/s, D2H:   3.85 GB/s, D2D: 154.43 GB/s
Coalesced copy of global memory, size=   2097152, gDim=    1, bDim=  128, bw=  3.70GB/s
*** Allocating memory of following size=2097152
*** Using pageable memory
***DeviveToDevice MemCpy:
Starting Kernel to copy: 
Kernel finished copying 
*** Freeing pageable memory
No errors occured 
Results for cudaMemcpy:
Size:    2097152B, H2D:  11.50 GB/s, D2H:   5.67 GB/s, D2D: 141.32 GB/s
Coalesced copy of global memory, size=   2097152, gDim=    1, bDim=  128, bw=  3.70GB/s
*** Allocating memory of following size=2097152
*** Using pageable memory
***DeviveToDevice MemCpy:
Starting Kernel to copy: 
Kernel finished copying 
*** Freeing pageable memory
No errors occured 
Results for cudaMemcpy:
Size:    2097152B, H2D:  10.25 GB/s, D2H:   3.94 GB/s, D2D: 133.75 GB/s
Coalesced copy of global memory, size=   2097152, gDim=    1, bDim=  128, bw=  3.70GB/s
*** Allocating memory of following size=2097152
*** Using pageable memory
***DeviveToDevice MemCpy:
Starting Kernel to copy: 
Kernel finished copying 
*** Freeing pageable memory
No errors occured 
Results for cudaMemcpy:
Size:    2097152B, H2D:  14.47 GB/s, D2H:   6.03 GB/s, D2D: 138.24 GB/s
Coalesced copy of global memory, size=   2097152, gDim=    1, bDim=  128, bw=  3.69GB/s
*** Allocating memory of following size=2097152
*** Using pageable memory
***DeviveToDevice MemCpy:
Starting Kernel to copy: 
Kernel finished copying 
*** Freeing pageable memory
No errors occured 
Results for cudaMemcpy:
Size:    2097152B, H2D:  15.40 GB/s, D2H:   6.27 GB/s, D2D: 150.23 GB/s
Coalesced copy of global memory, size=   2097152, gDim=    1, bDim=  128, bw=  3.70GB/s
*** Allocating memory of following size=2097152
*** Using pageable memory
***DeviveToDevice MemCpy:
Starting Kernel to copy: 
Kernel finished copying 
*** Freeing pageable memory
No errors occured 
Results for cudaMemcpy:
Size:    2097152B, H2D:  10.84 GB/s, D2H:   1.62 GB/s, D2D: 139.44 GB/s
Coalesced copy of global memory, size=   2097152, gDim=    1, bDim=  128, bw=  3.70GB/s
*** Allocating memory of following size=4194304
*** Using pageable memory
***DeviveToDevice MemCpy:
Starting Kernel to copy: 
Kernel finished copying 
*** Freeing pageable memory
No errors occured 
Results for cudaMemcpy:
Size:    4194304B, H2D:  12.82 GB/s, D2H:   1.49 GB/s, D2D: 294.75 GB/s
Coalesced copy of global memory, size=   4194304, gDim=    1, bDim=  128, bw=  1.94GB/s
*** Allocating memory of following size=4194304
*** Using pageable memory
***DeviveToDevice MemCpy:
Starting Kernel to copy: 
Kernel finished copying 
*** Freeing pageable memory
No errors occured 
Results for cudaMemcpy:
Size:    4194304B, H2D:  12.58 GB/s, D2H:   7.96 GB/s, D2D: 259.37 GB/s
Coalesced copy of global memory, size=   4194304, gDim=    1, bDim=  128, bw=  1.94GB/s
*** Allocating memory of following size=4194304
*** Using pageable memory
***DeviveToDevice MemCpy:
Starting Kernel to copy: 
Kernel finished copying 
*** Freeing pageable memory
No errors occured 
Results for cudaMemcpy:
Size:    4194304B, H2D:  12.81 GB/s, D2H:   2.85 GB/s, D2D: 251.91 GB/s
Coalesced copy of global memory, size=   4194304, gDim=    1, bDim=  128, bw=  1.93GB/s
*** Allocating memory of following size=4194304
*** Using pageable memory
***DeviveToDevice MemCpy:
Starting Kernel to copy: 
Kernel finished copying 
*** Freeing pageable memory
No errors occured 
Results for cudaMemcpy:
Size:    4194304B, H2D:   8.94 GB/s, D2H:   5.69 GB/s, D2D: 262.95 GB/s
Coalesced copy of global memory, size=   4194304, gDim=    1, bDim=  128, bw=  1.93GB/s
*** Allocating memory of following size=4194304
*** Using pageable memory
***DeviveToDevice MemCpy:
Starting Kernel to copy: 
Kernel finished copying 
*** Freeing pageable memory
No errors occured 
Results for cudaMemcpy:
Size:    4194304B, H2D:  12.71 GB/s, D2H:   7.90 GB/s, D2D: 247.74 GB/s
Coalesced copy of global memory, size=   4194304, gDim=    1, bDim=  128, bw=  1.93GB/s
*** Allocating memory of following size=4194304
*** Using pageable memory
***DeviveToDevice MemCpy:
Starting Kernel to copy: 
Kernel finished copying 
*** Freeing pageable memory
No errors occured 
Results for cudaMemcpy:
Size:    4194304B, H2D:  12.89 GB/s, D2H:   2.74 GB/s, D2D: 271.48 GB/s
Coalesced copy of global memory, size=   4194304, gDim=    1, bDim=  128, bw=  1.93GB/s
*** Allocating memory of following size=4194304
*** Using pageable memory
***DeviveToDevice MemCpy:
Starting Kernel to copy: 
Kernel finished copying 
*** Freeing pageable memory
No errors occured 
Results for cudaMemcpy:
Size:    4194304B, H2D:   8.94 GB/s, D2H:   5.61 GB/s, D2D: 262.14 GB/s
Coalesced copy of global memory, size=   4194304, gDim=    1, bDim=  128, bw=  1.93GB/s
*** Allocating memory of following size=4194304
*** Using pageable memory
***DeviveToDevice MemCpy:
Starting Kernel to copy: 
Kernel finished copying 
*** Freeing pageable memory
No errors occured 
Results for cudaMemcpy:
Size:    4194304B, H2D:  12.62 GB/s, D2H:   7.90 GB/s, D2D: 247.45 GB/s
Coalesced copy of global memory, size=   4194304, gDim=    1, bDim=  128, bw=  1.93GB/s
*** Allocating memory of following size=4194304
*** Using pageable memory
***DeviveToDevice MemCpy:
Starting Kernel to copy: 
Kernel finished copying 
*** Freeing pageable memory
No errors occured 
Results for cudaMemcpy:
Size:    4194304B, H2D:  12.57 GB/s, D2H:   2.74 GB/s, D2D: 255.73 GB/s
Coalesced copy of global memory, size=   4194304, gDim=    1, bDim=  128, bw=  1.93GB/s
*** Allocating memory of following size=4194304
*** Using pageable memory
***DeviveToDevice MemCpy:
Starting Kernel to copy: 
Kernel finished copying 
*** Freeing pageable memory
No errors occured 
Results for cudaMemcpy:
Size:    4194304B, H2D:   8.94 GB/s, D2H:   5.73 GB/s, D2D: 268.69 GB/s
Coalesced copy of global memory, size=   4194304, gDim=    1, bDim=  128, bw=  1.93GB/s
*** Allocating memory of following size=4194304
*** Using pageable memory
***DeviveToDevice MemCpy:
Starting Kernel to copy: 
Kernel finished copying 
*** Freeing pageable memory
No errors occured 
Results for cudaMemcpy:
Size:    4194304B, H2D:  12.67 GB/s, D2H:   8.05 GB/s, D2D: 242.45 GB/s
Coalesced copy of global memory, size=   4194304, gDim=    1, bDim=  128, bw=  1.92GB/s
*** Allocating memory of following size=8388608
*** Using pageable memory
***DeviveToDevice MemCpy:
Starting Kernel to copy: 
Kernel finished copying 
*** Freeing pageable memory
No errors occured 
Results for cudaMemcpy:
Size:    8388608B, H2D:  12.15 GB/s, D2H:   1.80 GB/s, D2D: 485.73 GB/s
Coalesced copy of global memory, size=   8388608, gDim=    1, bDim=  128, bw=  1.93GB/s
*** Allocating memory of following size=8388608
*** Using pageable memory
***DeviveToDevice MemCpy:
Starting Kernel to copy: 
Kernel finished copying 
*** Freeing pageable memory
No errors occured 
Results for cudaMemcpy:
Size:    8388608B, H2D:  11.57 GB/s, D2H:   9.55 GB/s, D2D: 461.67 GB/s
Coalesced copy of global memory, size=   8388608, gDim=    1, bDim=  128, bw=  1.93GB/s
*** Allocating memory of following size=8388608
*** Using pageable memory
***DeviveToDevice MemCpy:
Starting Kernel to copy: 
Kernel finished copying 
*** Freeing pageable memory
No errors occured 
Results for cudaMemcpy:
Size:    8388608B, H2D:  13.09 GB/s, D2H:  10.02 GB/s, D2D: 507.17 GB/s
Coalesced copy of global memory, size=   8388608, gDim=    1, bDim=  128, bw=  1.93GB/s
*** Allocating memory of following size=8388608
*** Using pageable memory
***DeviveToDevice MemCpy:
Starting Kernel to copy: 
Kernel finished copying 
*** Freeing pageable memory
No errors occured 
Results for cudaMemcpy:
Size:    8388608B, H2D:  13.19 GB/s, D2H:   9.91 GB/s, D2D: 868.39 GB/s
Coalesced copy of global memory, size=   8388608, gDim=    1, bDim=  128, bw=  1.93GB/s
*** Allocating memory of following size=8388608
*** Using pageable memory
***DeviveToDevice MemCpy:
Starting Kernel to copy: 
Kernel finished copying 
*** Freeing pageable memory
No errors occured 
Results for cudaMemcpy:
Size:    8388608B, H2D:  13.17 GB/s, D2H:   9.93 GB/s, D2D: 767.48 GB/s
Coalesced copy of global memory, size=   8388608, gDim=    1, bDim=  128, bw=  1.93GB/s
*** Allocating memory of following size=8388608
*** Using pageable memory
***DeviveToDevice MemCpy:
Starting Kernel to copy: 
Kernel finished copying 
*** Freeing pageable memory
No errors occured 
Results for cudaMemcpy:
Size:    8388608B, H2D:  13.18 GB/s, D2H:   9.93 GB/s, D2D: 798.92 GB/s
Coalesced copy of global memory, size=   8388608, gDim=    1, bDim=  128, bw=  1.93GB/s
*** Allocating memory of following size=8388608
*** Using pageable memory
***DeviveToDevice MemCpy:
Starting Kernel to copy: 
Kernel finished copying 
*** Freeing pageable memory
No errors occured 
Results for cudaMemcpy:
Size:    8388608B, H2D:  13.18 GB/s, D2H:   9.83 GB/s, D2D: 796.64 GB/s
Coalesced copy of global memory, size=   8388608, gDim=    1, bDim=  128, bw=  1.93GB/s
*** Allocating memory of following size=8388608
*** Using pageable memory
***DeviveToDevice MemCpy:
Starting Kernel to copy: 
Kernel finished copying 
*** Freeing pageable memory
No errors occured 
Results for cudaMemcpy:
Size:    8388608B, H2D:  13.18 GB/s, D2H:   9.96 GB/s, D2D: 784.72 GB/s
Coalesced copy of global memory, size=   8388608, gDim=    1, bDim=  128, bw=  1.93GB/s
*** Allocating memory of following size=8388608
*** Using pageable memory
***DeviveToDevice MemCpy:
Starting Kernel to copy: 
Kernel finished copying 
*** Freeing pageable memory
No errors occured 
Results for cudaMemcpy:
Size:    8388608B, H2D:  13.18 GB/s, D2H:   9.92 GB/s, D2D: 785.45 GB/s
Coalesced copy of global memory, size=   8388608, gDim=    1, bDim=  128, bw=  1.93GB/s
*** Allocating memory of following size=8388608
*** Using pageable memory
***DeviveToDevice MemCpy:
Starting Kernel to copy: 
Kernel finished copying 
*** Freeing pageable memory
No errors occured 
Results for cudaMemcpy:
Size:    8388608B, H2D:  13.19 GB/s, D2H:   9.91 GB/s, D2D: 819.20 GB/s
Coalesced copy of global memory, size=   8388608, gDim=    1, bDim=  128, bw=  1.93GB/s
*** Allocating memory of following size=8388608
*** Using pageable memory
***DeviveToDevice MemCpy:
Starting Kernel to copy: 
Kernel finished copying 
*** Freeing pageable memory
No errors occured 
Results for cudaMemcpy:
Size:    8388608B, H2D:  13.19 GB/s, D2H:   9.96 GB/s, D2D: 566.42 GB/s
Coalesced copy of global memory, size=   8388608, gDim=    1, bDim=  128, bw=  1.93GB/s
*** Allocating memory of following size=16777216
*** Using pageable memory
***DeviveToDevice MemCpy:
Starting Kernel to copy: 
Kernel finished copying 
*** Freeing pageable memory
No errors occured 
Results for cudaMemcpy:
Size:   16777216B, H2D:  12.20 GB/s, D2H:   5.16 GB/s, D2D: 933.57 GB/s
Coalesced copy of global memory, size=  16777216, gDim=    1, bDim=  128, bw=  1.93GB/s
*** Allocating memory of following size=16777216
*** Using pageable memory
***DeviveToDevice MemCpy:
Starting Kernel to copy: 
Kernel finished copying 
*** Freeing pageable memory
No errors occured 
Results for cudaMemcpy:
Size:   16777216B, H2D:  11.80 GB/s, D2H:  11.14 GB/s, D2D: 977.12 GB/s
Coalesced copy of global memory, size=  16777216, gDim=    1, bDim=  128, bw=  1.93GB/s
*** Allocating memory of following size=16777216
*** Using pageable memory
***DeviveToDevice MemCpy:
Starting Kernel to copy: 
Kernel finished copying 
*** Freeing pageable memory
No errors occured 
Results for cudaMemcpy:
Size:   16777216B, H2D:  12.24 GB/s, D2H:  11.08 GB/s, D2D: 918.29 GB/s
Coalesced copy of global memory, size=  16777216, gDim=    1, bDim=  128, bw=  1.93GB/s
*** Allocating memory of following size=16777216
*** Using pageable memory
***DeviveToDevice MemCpy:
Starting Kernel to copy: 
Kernel finished copying 
*** Freeing pageable memory
No errors occured 
Results for cudaMemcpy:
Size:   16777216B, H2D:  12.35 GB/s, D2H:  11.09 GB/s, D2D: 934.14 GB/s
Coalesced copy of global memory, size=  16777216, gDim=    1, bDim=  128, bw=  1.93GB/s
*** Allocating memory of following size=16777216
*** Using pageable memory
***DeviveToDevice MemCpy:
Starting Kernel to copy: 
Kernel finished copying 
*** Freeing pageable memory
No errors occured 
Results for cudaMemcpy:
Size:   16777216B, H2D:  12.21 GB/s, D2H:  11.08 GB/s, D2D: 928.46 GB/s
Coalesced copy of global memory, size=  16777216, gDim=    1, bDim=  128, bw=  1.93GB/s
*** Allocating memory of following size=16777216
*** Using pageable memory
***DeviveToDevice MemCpy:
Starting Kernel to copy: 
Kernel finished copying 
*** Freeing pageable memory
No errors occured 
Results for cudaMemcpy:
Size:   16777216B, H2D:  12.25 GB/s, D2H:  11.10 GB/s, D2D: 914.29 GB/s
Coalesced copy of global memory, size=  16777216, gDim=    1, bDim=  128, bw=  1.93GB/s
*** Allocating memory of following size=16777216
*** Using pageable memory
***DeviveToDevice MemCpy:
Starting Kernel to copy: 
Kernel finished copying 
*** Freeing pageable memory
No errors occured 
Results for cudaMemcpy:
Size:   16777216B, H2D:  11.90 GB/s, D2H:  11.14 GB/s, D2D: 905.90 GB/s
Coalesced copy of global memory, size=  16777216, gDim=    1, bDim=  128, bw=  1.92GB/s
*** Allocating memory of following size=16777216
*** Using pageable memory
***DeviveToDevice MemCpy:
Starting Kernel to copy: 
Kernel finished copying 
*** Freeing pageable memory
No errors occured 
Results for cudaMemcpy:
Size:   16777216B, H2D:  12.20 GB/s, D2H:  11.07 GB/s, D2D: 917.24 GB/s
Coalesced copy of global memory, size=  16777216, gDim=    1, bDim=  128, bw=  1.93GB/s
*** Allocating memory of following size=16777216
*** Using pageable memory
***DeviveToDevice MemCpy:
Starting Kernel to copy: 
Kernel finished copying 
*** Freeing pageable memory
No errors occured 
Results for cudaMemcpy:
Size:   16777216B, H2D:  12.32 GB/s, D2H:  10.97 GB/s, D2D: 891.93 GB/s
Coalesced copy of global memory, size=  16777216, gDim=    1, bDim=  128, bw=  1.93GB/s
*** Allocating memory of following size=16777216
*** Using pageable memory
***DeviveToDevice MemCpy:
Starting Kernel to copy: 
Kernel finished copying 
*** Freeing pageable memory
No errors occured 
Results for cudaMemcpy:
Size:   16777216B, H2D:  12.25 GB/s, D2H:  11.10 GB/s, D2D: 959.25 GB/s
Coalesced copy of global memory, size=  16777216, gDim=    1, bDim=  128, bw=  1.92GB/s
*** Allocating memory of following size=16777216
*** Using pageable memory
***DeviveToDevice MemCpy:
Starting Kernel to copy: 
Kernel finished copying 
*** Freeing pageable memory
No errors occured 
Results for cudaMemcpy:
Size:   16777216B, H2D:  12.19 GB/s, D2H:  11.06 GB/s, D2D: 946.80 GB/s
Coalesced copy of global memory, size=  16777216, gDim=    1, bDim=  128, bw=  1.93GB/s
*** Allocating memory of following size=33554432
*** Using pageable memory
***DeviveToDevice MemCpy:
Starting Kernel to copy: 
Kernel finished copying 
*** Freeing pageable memory
No errors occured 
Results for cudaMemcpy:
Size:   33554432B, H2D:  11.19 GB/s, D2H:   5.02 GB/s, D2D: 1440.72 GB/s
Coalesced copy of global memory, size=  33554432, gDim=    1, bDim=  128, bw=  1.93GB/s
*** Allocating memory of following size=33554432
*** Using pageable memory
***DeviveToDevice MemCpy:
Starting Kernel to copy: 
Kernel finished copying 
*** Freeing pageable memory
No errors occured 
Results for cudaMemcpy:
Size:   33554432B, H2D:  11.26 GB/s, D2H:   5.03 GB/s, D2D: 1475.50 GB/s
Coalesced copy of global memory, size=  33554432, gDim=    1, bDim=  128, bw=  1.92GB/s
*** Allocating memory of following size=33554432
*** Using pageable memory
***DeviveToDevice MemCpy:
Starting Kernel to copy: 
Kernel finished copying 
*** Freeing pageable memory
No errors occured 
Results for cudaMemcpy:
Size:   33554432B, H2D:  11.09 GB/s, D2H:   5.05 GB/s, D2D: 1508.74 GB/s
Coalesced copy of global memory, size=  33554432, gDim=    1, bDim=  128, bw=  1.92GB/s
*** Allocating memory of following size=33554432
*** Using pageable memory
***DeviveToDevice MemCpy:
Starting Kernel to copy: 
Kernel finished copying 
*** Freeing pageable memory
No errors occured 
Results for cudaMemcpy:
Size:   33554432B, H2D:   9.46 GB/s, D2H:   3.41 GB/s, D2D: 1084.15 GB/s
Coalesced copy of global memory, size=  33554432, gDim=    1, bDim=  128, bw=  1.92GB/s
*** Allocating memory of following size=33554432
*** Using pageable memory
***DeviveToDevice MemCpy:
Starting Kernel to copy: 
Kernel finished copying 
*** Freeing pageable memory
No errors occured 
Results for cudaMemcpy:
Size:   33554432B, H2D:  11.16 GB/s, D2H:   5.06 GB/s, D2D: 1303.59 GB/s
Coalesced copy of global memory, size=  33554432, gDim=    1, bDim=  128, bw=  1.93GB/s
*** Allocating memory of following size=33554432
*** Using pageable memory
***DeviveToDevice MemCpy:
Starting Kernel to copy: 
Kernel finished copying 
*** Freeing pageable memory
No errors occured 
Results for cudaMemcpy:
Size:   33554432B, H2D:  11.13 GB/s, D2H:   5.05 GB/s, D2D: 1526.52 GB/s
Coalesced copy of global memory, size=  33554432, gDim=    1, bDim=  128, bw=  1.92GB/s
*** Allocating memory of following size=33554432
*** Using pageable memory
***DeviveToDevice MemCpy:
Starting Kernel to copy: 
Kernel finished copying 
*** Freeing pageable memory
No errors occured 
Results for cudaMemcpy:
Size:   33554432B, H2D:  11.20 GB/s, D2H:   5.05 GB/s, D2D: 1506.71 GB/s
Coalesced copy of global memory, size=  33554432, gDim=    1, bDim=  128, bw=  1.92GB/s
*** Allocating memory of following size=33554432
*** Using pageable memory
***DeviveToDevice MemCpy:
Starting Kernel to copy: 
Kernel finished copying 
*** Freeing pageable memory
No errors occured 
Results for cudaMemcpy:
Size:   33554432B, H2D:  11.20 GB/s, D2H:   5.03 GB/s, D2D: 1554.81 GB/s
Coalesced copy of global memory, size=  33554432, gDim=    1, bDim=  128, bw=  1.92GB/s
*** Allocating memory of following size=33554432
*** Using pageable memory
***DeviveToDevice MemCpy:
Starting Kernel to copy: 
Kernel finished copying 
*** Freeing pageable memory
No errors occured 
Results for cudaMemcpy:
Size:   33554432B, H2D:  11.24 GB/s, D2H:   5.02 GB/s, D2D: 1418.73 GB/s
Coalesced copy of global memory, size=  33554432, gDim=    1, bDim=  128, bw=  1.93GB/s
*** Allocating memory of following size=33554432
*** Using pageable memory
***DeviveToDevice MemCpy:
Starting Kernel to copy: 
Kernel finished copying 
*** Freeing pageable memory
No errors occured 
Results for cudaMemcpy:
Size:   33554432B, H2D:  11.22 GB/s, D2H:   5.02 GB/s, D2D: 1534.27 GB/s
Coalesced copy of global memory, size=  33554432, gDim=    1, bDim=  128, bw=  1.92GB/s
*** Allocating memory of following size=33554432
*** Using pageable memory
***DeviveToDevice MemCpy:
Starting Kernel to copy: 
Kernel finished copying 
*** Freeing pageable memory
No errors occured 
Results for cudaMemcpy:
Size:   33554432B, H2D:  11.21 GB/s, D2H:   5.06 GB/s, D2D: 1495.30 GB/s
Coalesced copy of global memory, size=  33554432, gDim=    1, bDim=  128, bw=  1.92GB/s
*** Allocating memory of following size=67108864
*** Using pageable memory
***DeviveToDevice MemCpy:
Starting Kernel to copy: 
Kernel finished copying 
*** Freeing pageable memory
No errors occured 
Results for cudaMemcpy:
Size:   67108864B, H2D:  11.46 GB/s, D2H:   5.51 GB/s, D2D: 2784.48 GB/s
Coalesced copy of global memory, size=  67108864, gDim=    1, bDim=  128, bw=  1.92GB/s
*** Allocating memory of following size=67108864
*** Using pageable memory
***DeviveToDevice MemCpy:
Starting Kernel to copy: 
Kernel finished copying 
*** Freeing pageable memory
No errors occured 
Results for cudaMemcpy:
Size:   67108864B, H2D:  11.44 GB/s, D2H:   5.33 GB/s, D2D: 2807.90 GB/s
Coalesced copy of global memory, size=  67108864, gDim=    1, bDim=  128, bw=  1.92GB/s
*** Allocating memory of following size=67108864
*** Using pageable memory
***DeviveToDevice MemCpy:
Starting Kernel to copy: 
Kernel finished copying 
*** Freeing pageable memory
No errors occured 
Results for cudaMemcpy:
Size:   67108864B, H2D:  11.45 GB/s, D2H:   5.53 GB/s, D2D: 2911.45 GB/s
Coalesced copy of global memory, size=  67108864, gDim=    1, bDim=  128, bw=  1.92GB/s
*** Allocating memory of following size=67108864
*** Using pageable memory
***DeviveToDevice MemCpy:
Starting Kernel to copy: 
Kernel finished copying 
*** Freeing pageable memory
No errors occured 
Results for cudaMemcpy:
Size:   67108864B, H2D:  11.42 GB/s, D2H:   5.35 GB/s, D2D: 2725.79 GB/s
Coalesced copy of global memory, size=  67108864, gDim=    1, bDim=  128, bw=  1.92GB/s
*** Allocating memory of following size=67108864
*** Using pageable memory
***DeviveToDevice MemCpy:
Starting Kernel to copy: 
Kernel finished copying 
*** Freeing pageable memory
No errors occured 
Results for cudaMemcpy:
Size:   67108864B, H2D:  11.50 GB/s, D2H:   5.57 GB/s, D2D: 2881.45 GB/s
Coalesced copy of global memory, size=  67108864, gDim=    1, bDim=  128, bw=  1.93GB/s
*** Allocating memory of following size=67108864
*** Using pageable memory
***DeviveToDevice MemCpy:
Starting Kernel to copy: 
Kernel finished copying 
*** Freeing pageable memory
No errors occured 
Results for cudaMemcpy:
Size:   67108864B, H2D:  11.45 GB/s, D2H:   5.56 GB/s, D2D: 2843.48 GB/s
Coalesced copy of global memory, size=  67108864, gDim=    1, bDim=  128, bw=  1.92GB/s
*** Allocating memory of following size=67108864
*** Using pageable memory
***DeviveToDevice MemCpy:
Starting Kernel to copy: 
Kernel finished copying 
*** Freeing pageable memory
No errors occured 
Results for cudaMemcpy:
Size:   67108864B, H2D:  11.41 GB/s, D2H:   5.58 GB/s, D2D: 2855.70 GB/s
Coalesced copy of global memory, size=  67108864, gDim=    1, bDim=  128, bw=  1.92GB/s
*** Allocating memory of following size=67108864
*** Using pageable memory
***DeviveToDevice MemCpy:
Starting Kernel to copy: 
Kernel finished copying 
*** Freeing pageable memory
No errors occured 
Results for cudaMemcpy:
Size:   67108864B, H2D:  11.43 GB/s, D2H:   5.56 GB/s, D2D: 2921.59 GB/s
Coalesced copy of global memory, size=  67108864, gDim=    1, bDim=  128, bw=  1.92GB/s
*** Allocating memory of following size=67108864
*** Using pageable memory
***DeviveToDevice MemCpy:
Starting Kernel to copy: 
Kernel finished copying 
*** Freeing pageable memory
No errors occured 
Results for cudaMemcpy:
Size:   67108864B, H2D:  11.44 GB/s, D2H:   5.57 GB/s, D2D: 2931.80 GB/s
Coalesced copy of global memory, size=  67108864, gDim=    1, bDim=  128, bw=  1.92GB/s
*** Allocating memory of following size=67108864
*** Using pageable memory
***DeviveToDevice MemCpy:
Starting Kernel to copy: 
Kernel finished copying 
*** Freeing pageable memory
No errors occured 
Results for cudaMemcpy:
Size:   67108864B, H2D:  11.46 GB/s, D2H:   5.53 GB/s, D2D: 2789.23 GB/s
Coalesced copy of global memory, size=  67108864, gDim=    1, bDim=  128, bw=  1.92GB/s
*** Allocating memory of following size=67108864
*** Using pageable memory
***DeviveToDevice MemCpy:
Starting Kernel to copy: 
Kernel finished copying 
*** Freeing pageable memory
No errors occured 
Results for cudaMemcpy:
Size:   67108864B, H2D:  11.44 GB/s, D2H:   5.58 GB/s, D2D: 2865.33 GB/s
Coalesced copy of global memory, size=  67108864, gDim=    1, bDim=  128, bw=  1.92GB/s
*** Allocating memory of following size=134217728
*** Using pageable memory
***DeviveToDevice MemCpy:
Starting Kernel to copy: 
Kernel finished copying 
*** Freeing pageable memory
No errors occured 
Results for cudaMemcpy:
Size:  134217728B, H2D:  11.84 GB/s, D2H:   5.41 GB/s, D2D: 5498.25 GB/s
Coalesced copy of global memory, size= 134217728, gDim=    1, bDim=  128, bw=  1.92GB/s
*** Allocating memory of following size=134217728
*** Using pageable memory
***DeviveToDevice MemCpy:
Starting Kernel to copy: 
Kernel finished copying 
*** Freeing pageable memory
No errors occured 
Results for cudaMemcpy:
Size:  134217728B, H2D:  12.10 GB/s, D2H:   5.51 GB/s, D2D: 5471.57 GB/s
Coalesced copy of global memory, size= 134217728, gDim=    1, bDim=  128, bw=  1.93GB/s
*** Allocating memory of following size=134217728
*** Using pageable memory
***DeviveToDevice MemCpy:
Starting Kernel to copy: 
Kernel finished copying 
*** Freeing pageable memory
No errors occured 
Results for cudaMemcpy:
Size:  134217728B, H2D:  12.11 GB/s, D2H:   5.49 GB/s, D2D: 5850.82 GB/s
Coalesced copy of global memory, size= 134217728, gDim=    1, bDim=  128, bw=  1.93GB/s
*** Allocating memory of following size=134217728
*** Using pageable memory
***DeviveToDevice MemCpy:
Starting Kernel to copy: 
Kernel finished copying 
*** Freeing pageable memory
No errors occured 
Results for cudaMemcpy:
Size:  134217728B, H2D:  12.11 GB/s, D2H:   5.52 GB/s, D2D: 5381.63 GB/s
Coalesced copy of global memory, size= 134217728, gDim=    1, bDim=  128, bw=  1.93GB/s
*** Allocating memory of following size=134217728
*** Using pageable memory
***DeviveToDevice MemCpy:
Starting Kernel to copy: 
Kernel finished copying 
*** Freeing pageable memory
No errors occured 
Results for cudaMemcpy:
Size:  134217728B, H2D:  12.11 GB/s, D2H:   5.52 GB/s, D2D: 5629.94 GB/s
Coalesced copy of global memory, size= 134217728, gDim=    1, bDim=  128, bw=  1.93GB/s
*** Allocating memory of following size=134217728
*** Using pageable memory
***DeviveToDevice MemCpy:
Starting Kernel to copy: 
Kernel finished copying 
*** Freeing pageable memory
No errors occured 
Results for cudaMemcpy:
Size:  134217728B, H2D:  12.13 GB/s, D2H:   5.49 GB/s, D2D: 5738.01 GB/s
Coalesced copy of global memory, size= 134217728, gDim=    1, bDim=  128, bw=  1.93GB/s
*** Allocating memory of following size=134217728
*** Using pageable memory
***DeviveToDevice MemCpy:
Starting Kernel to copy: 
Kernel finished copying 
*** Freeing pageable memory
No errors occured 
Results for cudaMemcpy:
Size:  134217728B, H2D:  12.13 GB/s, D2H:   5.52 GB/s, D2D: 5790.24 GB/s
Coalesced copy of global memory, size= 134217728, gDim=    1, bDim=  128, bw=  1.93GB/s
*** Allocating memory of following size=134217728
*** Using pageable memory
slurmstepd-gpu09: error: *** JOB 1714 ON gpu09 CANCELLED AT 2020-11-21T12:55:39 ***
